<?xml version="1.0" encoding="UTF-8"?>
<!-- Generated by org.testng.reporters.JUnitReportReporter -->
<testsuite hostname="LAPTOP-TGTILDEU" failures="0" tests="3" name="com.qa.testcases.TC_ValidateMainElementes_005" time="2.507" errors="0" timestamp="2024-08-14T10:49:18 IST" skipped="0">
  <testcase classname="com.qa.testcases.TC_ValidateMainElementes_005" name="test1" time="2.375"/>
  <testcase classname="com.qa.testcases.TC_ValidateMainElementes_005" name="test2" time="0.118"/>
  <testcase classname="com.qa.testcases.TC_ValidateMainElementes_005" name="test3" time="0.014"/>
</testsuite> <!-- com.qa.testcases.TC_ValidateMainElementes_005 -->
