<?xml version="1.0" encoding="UTF-8"?>
<!-- Generated by org.testng.reporters.JUnitReportReporter -->
<testsuite hostname="LAPTOP-TGTILDEU" failures="0" tests="1" name="com.qa.testcases.TC_linkTest_001" time="3.233" errors="0" timestamp="2024-08-08T17:51:07 IST" skipped="0">
  <testcase classname="com.qa.testcases.TC_linkTest_001" name="linkTest" time="3.233"/>
</testsuite> <!-- com.qa.testcases.TC_linkTest_001 -->
