<?xml version="1.0" encoding="UTF-8"?>
<!-- Generated by org.testng.reporters.JUnitReportReporter -->
<testsuite hostname="LAPTOP-TGTILDEU" failures="0" tests="2" name="com.qa.testcases.TC_RegPage_002" time="5.075" errors="0" timestamp="2024-08-09T09:31:22 IST" skipped="0">
  <testcase classname="com.qa.testcases.TC_RegPage_002" name="test1" time="2.523"/>
  <testcase classname="com.qa.testcases.TC_RegPage_002" name="test2" time="2.552"/>
</testsuite> <!-- com.qa.testcases.TC_RegPage_002 -->
