<?xml version="1.0" encoding="UTF-8"?>
<!-- Generated by org.testng.reporters.JUnitReportReporter -->
<testsuite hostname="LAPTOP-TGTILDEU" failures="0" tests="3" name="com.qa.testcases.TC_LogINTest_003" time="3.954" errors="0" timestamp="2024-08-09T20:28:52 IST" skipped="0">
  <testcase classname="com.qa.testcases.TC_LogINTest_003" name="test1" time="2.545"/>
  <testcase classname="com.qa.testcases.TC_LogINTest_003" name="test2" time="1.375"/>
  <testcase classname="com.qa.testcases.TC_LogINTest_003" name="test3" time="0.034"/>
</testsuite> <!-- com.qa.testcases.TC_LogINTest_003 -->
